[
    {
        "Id": "sha256:45f0135d3b1a259c1ed0ab8433d85fa6c3a9b2bc34576b6fd59ac46d51805781",
        "RepoTags": [
            "multistage:latest"
        ],
        "RepoDigests": [],
        "Parent": "sha256:1a096420cc43d874554882f807b65369a1dbd3c17e49ce2a2f75c63f83ae9840",
        "Comment": "",
        "Created": "2018-06-17T15:14:18.4847184Z",
        "Container": "1bfcaa9d3292e4e8da9309def9448cb8622373264be519018eb362cc5f1665fc",
        "ContainerConfig": {
            "Hostname": "837a64dcc771",
            "Domainname": "",
            "User": "",
            "AttachStdin": false,
            "AttachStdout": false,
            "AttachStderr": false,
            "Tty": false,
            "OpenStdin": false,
            "StdinOnce": false,
            "Env": [
                "PATH=/usr/local/sbin:/usr/local/bin:/usr/sbin:/usr/bin:/sbin:/bin:/usr/lib/jvm/java-1.8-openjdk/jre/bin:/usr/lib/jvm/java-1.8-openjdk/bin",
                "LANG=C.UTF-8",
                "JAVA_HOME=/usr/lib/jvm/java-1.8-openjdk",
                "JAVA_VERSION=8u111",
                "JAVA_ALPINE_VERSION=8.111.14-r0"
            ],
            "Cmd": [
                "/bin/sh",
                "-c",
                "#(nop) ",
                "CMD [\"--spring.profiles.active=postgres\"]"
            ],
            "ArgsEscaped": true,
            "Image": "sha256:1a096420cc43d874554882f807b65369a1dbd3c17e49ce2a2f75c63f83ae9840",
            "Volumes": null,
            "WorkingDir": "/app",
            "Entrypoint": [
                "java",
                "-jar",
                "/app/AtSea-0.0.1-SNAPSHOT.jar"
            ],
            "OnBuild": [],
            "Labels": {}
        },
        "DockerVersion": "18.05.0-ce",
        "Author": "",
        "Config": {
            "Hostname": "837a64dcc771",
            "Domainname": "",
            "User": "",
            "AttachStdin": false,
            "AttachStdout": false,
            "AttachStderr": false,
            "Tty": false,
            "OpenStdin": false,
            "StdinOnce": false,
            "Env": [
                "PATH=/usr/local/sbin:/usr/local/bin:/usr/sbin:/usr/bin:/sbin:/bin:/usr/lib/jvm/java-1.8-openjdk/jre/bin:/usr/lib/jvm/java-1.8-openjdk/bin",
                "LANG=C.UTF-8",
                "JAVA_HOME=/usr/lib/jvm/java-1.8-openjdk",
                "JAVA_VERSION=8u111",
                "JAVA_ALPINE_VERSION=8.111.14-r0"
            ],
            "Cmd": [
                "--spring.profiles.active=postgres"
            ],
            "ArgsEscaped": true,
            "Image": "sha256:1a096420cc43d874554882f807b65369a1dbd3c17e49ce2a2f75c63f83ae9840",
            "Volumes": null,
            "WorkingDir": "/app",
            "Entrypoint": [
                "java",
                "-jar",
                "/app/AtSea-0.0.1-SNAPSHOT.jar"
            ],
            "OnBuild": [],
            "Labels": {}
        },
        "Architecture": "amd64",
        "Os": "linux",
        "Size": 210057500,
        "VirtualSize": 210057500,
        "GraphDriver": {
            "Data": {
                "LowerDir": "/var/lib/docker/overlay2/fb1d72e1c3f10b405aeb7ceed2ebc77f5b5725e2d27fc1df7b9a96bf90a1512d/diff:/var/lib/docker/overlay2/77a7a2be7593d1d0749c39dfaa8913c7d3fd6a203438dd286fecb5253989ddc2/diff:/var/lib/docker/overlay2/94f776fcfb5f4b17af41c759a0e39a7db6734878fa4c967c6a9c6da203c8cc63/diff:/var/lib/docker/overlay2/641c2b541123733e51f1a60c48b1c220d39ddb81cf9130db14fe41a8ceb368bb/diff:/var/lib/docker/overlay2/d1e919ee193200f90a76b6b6a74eedf4e3c3c2b1c7a57d6a77afd5d278a5ea67/diff:/var/lib/docker/overlay2/86701e052c1aaf0ccc2bdac92865fe48d3ad25c9975d81860b39bdde02afe465/diff:/var/lib/docker/overlay2/0d897f4eab4748b1b65be902f40a7802de1ee01c6e3fb184ed96fb8a7087ac88/diff",
                "MergedDir": "/var/lib/docker/overlay2/e0a0276bfa0ef9c5415a58ae09b4a801f6368400375520fc62d999f53740b04a/merged",
                "UpperDir": "/var/lib/docker/overlay2/e0a0276bfa0ef9c5415a58ae09b4a801f6368400375520fc62d999f53740b04a/diff",
                "WorkDir": "/var/lib/docker/overlay2/e0a0276bfa0ef9c5415a58ae09b4a801f6368400375520fc62d999f53740b04a/work"
            },
            "Name": "overlay2"
        },
        "RootFS": {
            "Type": "layers",
            "Layers": [
                "sha256:9f8566ee5135862dd980160c27bd7721448a6f7f385bbb81f7f001f1b78a5fbf",
                "sha256:78075328e0da46a67ada794630be2aaccd5cf217aea050e538ed70d6bee6ee41",
                "sha256:a1e7033f082e6b22a5c3d67a94b347f939102c68caf684acb0ce430cbb4bcbb9",
                "sha256:12df9f06a19461f4c2f698c6b23b1855ff811e50cc9c0693ddd90bd6903d95b9",
                "sha256:df137f46838579fd5383d7f2a3c5f7b925d6d7ffe06300168130e3d65266748f",
                "sha256:5e628dcfaf91e4fecc1778ad0c49690f97e7e4f5f698e309f163bec688fcb1c6",
                "sha256:3010b409de76e362e329cf6e3c4cad7bb9c1b46f63e904a0f3efa859499d2f7e",
                "sha256:708c908603bda9169967afa139b56674f528262d6e58fb29c8dc76a42e89a9c2"
            ]
        },
        "Metadata": {
            "LastTagTime": "2018-06-17T15:14:18.5410773Z"
        }
    }
]
